AutoECO Report
FILE-A: C:\ORCAD\ORCAD_10.5\TOOLS\LAYOUT_PLUS\DATA\DEFAULT.TCH
FILE-B: F:\PYTHON\PROJECT RASPI_PLC\HARDWARE\ADC_44PIN\ADC_44PIN.MNL
If "*EOF*" immediately follows, no changes were made
Adding package LED
Adding package R
Adding package CONN_PCB_15X2-P_0
Adding package CONNECTOR_EDGE_5
Adding package CAP_NP
Adding package C
Adding package PIC18F4550(SMD)XXX
Adding package CON15_0
Adding package CRYSTAL
Adding component D1
Found footprint SM/LED_0805 from PRT file for part LED, comp D1
Adding component R8
Found footprint SM/R_0805 from PRT file for part R, comp R8
Adding component J4
Found footprint JTAG 321 from PRT file for part CONN_PCB_15X2-P_0, comp J4
Adding component R22
Adding component D9
Adding component R16
Adding component R23
Adding component D10
Adding component R17
Adding component R9
Adding component D11
Adding component R13
Adding component D4
Adding component D12
Adding component R24
Adding component J11
Found footprint HEADER 5 from PRT file for part CONNECTOR_EDGE_5, comp J11
Adding component D3
Adding component D13
Adding component R18
Adding component J5
Adding component R25
Adding component R10
Adding component R14
Adding component R28
Adding component R2
Adding component D8
Adding component R15
Adding component R29
Adding component R3
Adding component R11
Adding component C3
Found footprint SM/C_0805 from PRT file for part CAP_NP, comp C3
Adding component R19
Adding component R26
Adding component R30
Adding component R4
Adding component R31
Adding component R27
Adding component R1
Adding component C2
Adding component C1
Found footprint SM/C_ ALU 100U 50V from PRT file for part C, comp C1
Adding component D6
Adding component R32
Adding component R5
Adding component R12
Adding component R20
Adding component U1
Adding component J10
Found footprint HEADER 15 from PRT file for part CON15_0, comp J10
Adding component Y1
Found library footprint with same name as part CRYSTAL
Adding component D2
Adding component D7
Adding component R21
Adding component C4
Adding component R6
Adding component D5
Adding component R7
Adding net N206754
Adding net N206750
Adding net N206762
Adding net 19
Adding net N206746
Adding net GPIO15
Adding net N206758
Adding net RB6
Adding net RB7
Adding net N208084
Adding net N208427
Adding net AN10
Adding net N208772
Adding net 30
Adding net AN6
Adding net N209119
Adding net 11
Adding net N209468
Adding net AN9
Adding net AN8
Adding net GPIO14
Adding net AN7
Adding net 5VDC
Adding net GND
Adding net N169019
Adding net 12
Adding net 8
Adding net 1512
Adding net 1511
Adding net AN5
Adding net AN1
Adding net 10
Adding net 23
Adding net AN12
Adding net ADCV2
Adding net 20
Adding net N169801
Adding net 16
Adding net AN0
Adding net 6
Adding net 22
Adding net 15
Adding net 14
Adding net N169763
Adding net ADCV5
Adding net 17
Adding net 13
Adding net 27
Adding net N169613
Adding net N169797
Adding net N169793
Adding net N169789
Adding net N168911
Adding net N169679
Adding net 29
Adding net 25
Adding net ADCV4
Adding net 24
Adding net AN4
Adding net N169079
Adding net 4
Adding net AN3
Adding net N168745
Adding net 28
Adding net ADCV3
Adding net AN2
Adding net ADCV1
Adding net AN11
Adding net 21
Adding net 2
Adding net 9
Adding net N168809
Adding net 26
Adding net MCLR
Adding net 18
Adding net N170731
Adding net N169689
Adding net N169745
Adding net N168981
Adding net N179963
Adding net N186220
Deleting net DEFAULT
*EOF*
No errors found
