AutoECO Report
FILE-A: F:\PYTHON\PROJECT RASPI_PLC\HARDWARE\DI_DO\DI_DO_RELAY\LAYOUT\DIDO_RELAY.MAX
FILE-B: F:\PYTHON\PROJECT RASPI_PLC\HARDWARE\DI_DO\DI_DO_RELAY\DIDO.MNL
If "*EOF*" immediately follows, no changes were made
Adding package R
Adding package 1R1001_4
Adding package RELAY_SPDT_1A
Adding package LED
Adding package DIODE
Adding package DOMINO_3
Adding package OPTO_ISOLATOR-A_0
Adding package CAP
Adding package 74HC595_0
Adding package 74151_2
Adding package CAP_NP
Adding package CONN_PCB_15X2-P_2
Adding component R2
Found footprint SM/R_0805 from PRT file for part R, comp R2
Adding component R13
Adding component R24
Adding component R35
Adding component Q1
Found footprint SOT23_123 from PRT file for part 1R1001_4, comp Q1
Adding component LS8
Found footprint ROLE_DEN from PRT file for part RELAY_SPDT_1A, comp LS8
Adding component D7
Found library footprint with same name as part LED
Adding component D19
Found footprint SM/DO214AC from PRT file for part DIODE, comp D19
Adding component LS1
Adding component J5
Found footprint DOMINO BIG_3P 4MM from PRT file for part DOMINO_3, comp J5
Adding component ISO2
Found footprint SMD_OPTO_PC817_TOP from PRT file for part OPTO_ISOLATOR-A_0, comp ISO2
Adding component C17
Found footprint TU KEO from PRT file for part CAP, comp C17
Adding component R3
Adding component R14
Adding component R25
Adding component U2
Found footprint SMD_74HC595 from PRT file for part 74HC595_0, comp U2
Adding component D8
Adding component D20
Adding component Q2
Adding component J6
Adding component C18
Adding component R39
Adding component LS2
Adding component ISO3
Adding component R4
Adding component R15
Adding component R26
Adding component D9
Adding component D21
Adding component U1
Found footprint DIP 16 from PRT file for part 74151_2, comp U1
Adding component Q3
Adding component C19
Adding component J7
Adding component C1
Adding component R5
Adding component R16
Adding component R27
Adding component D10
Adding component D22
Adding component ISO4
Adding component LS3
Adding component Q4
Adding component R40
Adding component C2
Adding component J2
Adding component J8
Adding component R6
Adding component R17
Adding component R28
Adding component D11
Adding component D23
Adding component ISO5
Adding component C3
Adding component C20
Adding component Q5
Adding component LS4
Adding component R7
Adding component R18
Adding component R29
Adding component D1
Adding component D12
Adding component D24
Adding component R41
Adding component C21
Adding component C4
Adding component R8
Adding component ISO6
Adding component Q6
Adding component R19
Adding component R30
Adding component D2
Adding component D13
Adding component LS5
Adding component C5
Adding component C22
Adding component R9
Adding component R20
Adding component R36
Adding component R31
Adding component D3
Adding component D14
Adding component Q7
Adding component ISO7
Adding component R42
Adding component C6
Adding component C23
Adding component R10
Adding component R21
Adding component LS6
Adding component R32
Adding component D4
Adding component D15
Adding component Q8
Adding component J1
Adding component ISO8
Adding component C7
Adding component C24
Adding component R37
Adding component R11
Adding component R22
Adding component J3
Adding component R33
Adding component D5
Adding component D17
Adding component D16
Adding component R43
Adding component LS7
Adding component C8
Adding component R1
Adding component R12
Adding component R23
Adding component R34
Adding component ISO1
Adding component D6
Adding component D18
Adding component J4
Adding component R38
Adding net I07
Adding net I05
Adding net I04
Adding net I06
Adding net I00
Adding net I01
Adding net I03
Adding net I02
Adding net N25018
Adding net N25041
Adding net N25064
Adding net N25087
Adding net N25110
Adding net N25133
Adding net N25308
Adding net N25331
Adding net N40089
Adding net N40214
Adding net N40189
Adding net DATA
Adding net N40164
Adding net DATA1
Adding net N40264
Adding net N40114
Adding net N40239
Adding net N40139
Adding net GPIO8
Adding net 3.3VDC
Adding net GPIO22
Adding net GPIO14
Adding net GPIO19
Adding net GPIO27
Adding net GND
Adding net GPIO13
Adding net GPIO11
Adding net GPIO15
Adding net GPIO17
Adding net GPIO21
Adding net GPIO10
Adding net GPIO18
Adding net GPIO4
Adding net GPIO16
Adding net GPIO2
Adding net GPIO23
Adding net N29674
Adding net GPIO5
Adding net N29835
Adding net GPIO26
Adding net N29899
Adding net GPIO12
Adding net N29963
Adding net GPIO25
Adding net N30027
Adding net 5VDC
Adding net N30091
Adding net GPIO9
Adding net N30238
Adding net GPIO24
Adding net N30302
Adding net GPIO7
Adding net O0
Adding net GPIO3
Adding net O1
Adding net GPIO20
Adding net O2
Adding net GPIO6
Adding net O3
Adding net O4
Adding net O5
Adding net O6
Adding net O7
Adding net M2
Adding net O00
Adding net O01
Adding net O02
Adding net O03
Adding net O04
Adding net O05
Adding net O06
Adding net I7
Adding net O07
Adding net N17188
Adding net N17217
Adding net I6
Adding net I5
Adding net N51262
Adding net N51287
Adding net N17246
Adding net N51312
Adding net N17072
Adding net I0
Adding net N51337
Adding net I4
Adding net N51362
Adding net N51387
Adding net N17275
Adding net N51412
Adding net N17101
Adding net I1
Adding net N51437
Adding net N17130
Adding net I2
Adding net N17159
Adding net I3
Adding net M1
Deleting net DEFAULT
*EOF*
No errors found
